TpTrace Verbose: 0 : 20868, 1, 2024/01/15, 12:59:27.885, 1098144320467, datacollector.dll, Version: 17.7.1-release-23418-01
TpTrace Information: 0 : 20868, 1, 2024/01/15, 12:59:27.905, 1098144523692, datacollector.dll, DataCollectorMain.Run: Starting data collector run with args: --port,61424,--parentprocessid,26848,--diag,C:\Users\User\Documents\GitHub\VVS-Karmela\bin\Debug\net5.0\fine-code-coverage\coverage-tool-output\diagnostics.datacollector.24-01-15_12-59-27_60298_5.log,--tracelevel,4
TpTrace Information: 0 : 20868, 1, 2024/01/15, 12:59:27.906, 1098144527288, datacollector.dll, DataCollector: Monitoring parent process with id: '26848'
TpTrace Information: 0 : 20868, 1, 2024/01/15, 12:59:27.929, 1098144765220, datacollector.dll, Trying to connect to server on socket : 127.0.0.1:61424 
TpTrace Verbose: 0 : 20868, 1, 2024/01/15, 12:59:27.975, 1098145217456, datacollector.dll, SocketCommunicationManager : SetupClientAsync : Attempting to connect to the server.
TpTrace Information: 0 : 20868, 6, 2024/01/15, 12:59:27.993, 1098145402604, datacollector.dll, Connected to the server successfully 
TpTrace Information: 0 : 20868, 6, 2024/01/15, 12:59:27.994, 1098145413051, datacollector.dll, Using the buffer size of 16384 bytes
TpTrace Information: 0 : 20868, 1, 2024/01/15, 12:59:28.203, 1098147499521, datacollector.dll, DataCollector: Start Request Processing.
TpTrace Verbose: 0 : 20868, 1, 2024/01/15, 12:59:28.203, 1098147503235, datacollector.dll, SocketCommunicationManager.WaitForServerConnection took: 0 ms, with 90000 ms timeout, and finished with True.
TpTrace Information: 0 : 20868, 1, 2024/01/15, 12:59:28.204, 1098147508180, datacollector.dll, DataCollectionRequestHandler.ProcessRequests: Datacollector received message: (DataCollection.BeforeTestRunStart) -> {"MessageType":"DataCollection.BeforeTestRunStart","Payload":{"SettingsXml":"<RunSettings><RunConfiguration><ResultsDirectory>C:\\Users\\User\\Documents\\GitHub\\VVS-Karmela\\bin\\Debug\\net5.0\\fine-code-coverage\\coverage-tool-output</ResultsDirectory><TargetPlatform>X64</TargetPlatform><TargetFrameworkVersion>.NETCoreApp,Version=v5.0</TargetFrameworkVersion><DesignMode>False</DesignMode><CollectSourceInformation>False</CollectSourceInformation><TestAdaptersPaths>C:\\Program Files\\dotnet\\sdk\\7.0.402\\Extensions</TestAdaptersPaths></RunConfiguration><LoggerRunSettings><Loggers><Logger friendlyName=\"blame\" enabled=\"True\" /><Logger friendlyName=\"Console\" uri=\"logger://microsoft/TestPlatform/ConsoleLogger/v1\" assemblyQualifiedName=\"Microsoft.VisualStudio.TestPlatform.CommandLine.Internal.ConsoleLogger, vstest.console, Version=15.0.0.0, Culture=neutral, PublicKeyToken=b03f5f7f11d50a3a\" codeBase=\"C:\\Program Files\\dotnet\\sdk\\7.0.402\\vstest.console.dll\" enabled=\"True\" /></Loggers></LoggerRunSettings><DataCollectionRunSettings><DataCollectors><DataCollector friendlyName=\"blame\" enabled=\"True\"><Configuration><ResultsDirectory>C:\\Users\\User\\Documents\\GitHub\\VVS-Karmela\\bin\\Debug\\net5.0\\fine-code-coverage\\coverage-tool-output</ResultsDirectory></Configuration></DataCollector></DataCollectors></DataCollectionRunSettings></RunSettings>","Sources":["C:\\Users\\User\\Documents\\GitHub\\VVS-Karmela\\bin\\Debug\\net5.0\\fine-code-coverage\\build-output\\Karmela.dll"],"IsTelemetryOptedIn":false}}
TpTrace Verbose: 0 : 20868, 1, 2024/01/15, 12:59:28.279, 1098148262567, datacollector.dll, TestPluginCache: Update extensions started. Skip filter = False
TpTrace Verbose: 0 : 20868, 1, 2024/01/15, 12:59:28.288, 1098148350627, datacollector.dll, TestPluginCache: Using directories for assembly resolution 'C:\Program Files\dotnet\sdk\7.0.402\Extensions'.
TpTrace Verbose: 0 : 20868, 1, 2024/01/15, 12:59:28.288, 1098148355121, datacollector.dll, TestPluginCache: Updated the available extensions to 'C:\Program Files\dotnet\sdk\7.0.402\Extensions\Microsoft.TestPlatform.Extensions.BlameDataCollector.dll,C:\Program Files\dotnet\sdk\7.0.402\Extensions\Microsoft.TestPlatform.Extensions.EventLogCollector.dll'.
TpTrace Verbose: 0 : 20868, 1, 2024/01/15, 12:59:28.314, 1098148609426, datacollector.dll, TestPluginCache.DiscoverTestExtensions: finding test extensions in assemblies ends with: Collector.dll TPluginInfo: Microsoft.VisualStudio.TestPlatform.Common.DataCollector.DataCollectorConfig TExtension: Microsoft.VisualStudio.TestPlatform.ObjectModel.DataCollection.DataCollector
TpTrace Verbose: 0 : 20868, 1, 2024/01/15, 12:59:28.317, 1098148643850, datacollector.dll, TestPluginCache.GetExtensionPaths: Filtered extension paths: C:\Program Files\dotnet\sdk\7.0.402\Extensions\Microsoft.TestPlatform.Extensions.BlameDataCollector.dll
C:\Program Files\dotnet\sdk\7.0.402\Extensions\Microsoft.TestPlatform.Extensions.EventLogCollector.dll
TpTrace Verbose: 0 : 20868, 1, 2024/01/15, 12:59:28.318, 1098148646116, datacollector.dll, TestPluginCache.GetExtensionPaths: Added default extension paths: 
TpTrace Verbose: 0 : 20868, 1, 2024/01/15, 12:59:28.318, 1098148647467, datacollector.dll, TestPluginCache.GetExtensionPaths: Added unfilterableExtensionPaths: 
TpTrace Information: 0 : 20868, 1, 2024/01/15, 12:59:28.320, 1098148666738, datacollector.dll, AssemblyResolver.ctor: Creating AssemblyResolver with searchDirectories C:\Program Files\dotnet\sdk\7.0.402\Extensions,C:\Program Files\dotnet\sdk\7.0.402
TpTrace Verbose: 0 : 20868, 1, 2024/01/15, 12:59:28.324, 1098148714358, datacollector.dll, TestPluginCache.DiscoverTestExtensions: Discovering the extensions using extension path.
TpTrace Verbose: 0 : 20868, 1, 2024/01/15, 12:59:28.325, 1098148718188, datacollector.dll, TestPluginCache.GetExtensionPaths: Filtered extension paths: C:\Program Files\dotnet\sdk\7.0.402\Extensions\Microsoft.TestPlatform.Extensions.BlameDataCollector.dll
C:\Program Files\dotnet\sdk\7.0.402\Extensions\Microsoft.TestPlatform.Extensions.EventLogCollector.dll
TpTrace Verbose: 0 : 20868, 1, 2024/01/15, 12:59:28.325, 1098148719218, datacollector.dll, TestPluginCache.GetExtensionPaths: Added default extension paths: 
TpTrace Verbose: 0 : 20868, 1, 2024/01/15, 12:59:28.325, 1098148719730, datacollector.dll, TestPluginCache.GetExtensionPaths: Added unfilterableExtensionPaths: 
TpTrace Verbose: 0 : 20868, 1, 2024/01/15, 12:59:28.325, 1098148720501, datacollector.dll, TestPluginCache.DiscoverTestExtensions: Discovering the extensions using allExtensionPaths: C:\Program Files\dotnet\sdk\7.0.402\Extensions\Microsoft.TestPlatform.Extensions.BlameDataCollector.dll
C:\Program Files\dotnet\sdk\7.0.402\Extensions\Microsoft.TestPlatform.Extensions.EventLogCollector.dll
TpTrace Information: 0 : 20868, 1, 2024/01/15, 12:59:28.325, 1098148722407, datacollector.dll, AssemblyResolver.AddSearchDirectories: Adding more searchDirectories C:\Program Files\dotnet\sdk\7.0.402\Extensions,C:\Program Files\dotnet\sdk\7.0.402
TpTrace Information: 0 : 20868, 1, 2024/01/15, 12:59:28.325, 1098148723705, datacollector.dll, AssemblyResolver.AddSearchDirectories: Adding more searchDirectories C:\Program Files\dotnet\sdk\7.0.402\Extensions,C:\Program Files\dotnet\sdk\7.0.402
TpTrace Information: 0 : 20868, 1, 2024/01/15, 12:59:28.326, 1098148729872, datacollector.dll, AssemblyResolver.OnResolve: Microsoft.TestPlatform.Extensions.BlameDataCollector: Resolving assembly.
TpTrace Information: 0 : 20868, 1, 2024/01/15, 12:59:28.326, 1098148731102, datacollector.dll, AssemblyResolver.OnResolve: Microsoft.TestPlatform.Extensions.BlameDataCollector: Searching in: 'C:\Program Files\dotnet\sdk\7.0.402\Extensions'.
TpTrace Information: 0 : 20868, 1, 2024/01/15, 12:59:28.372, 1098149195734, datacollector.dll, AssemblyResolver.OnResolve: Microsoft.TestPlatform.Extensions.BlameDataCollector: Loading assembly 'C:\Program Files\dotnet\sdk\7.0.402\Extensions\Microsoft.TestPlatform.Extensions.BlameDataCollector.dll'.
TpTrace Information: 0 : 20868, 1, 2024/01/15, 12:59:28.375, 1098149225559, datacollector.dll, AssemblyResolver.OnResolve: Resolved assembly: Microsoft.TestPlatform.Extensions.BlameDataCollector, from path: C:\Program Files\dotnet\sdk\7.0.402\Extensions\Microsoft.TestPlatform.Extensions.BlameDataCollector.dll
TpTrace Verbose: 0 : 20868, 1, 2024/01/15, 12:59:28.377, 1098149243173, datacollector.dll, MetadataReaderExtensionsHelper: Discovering extensions inside assembly 'Microsoft.TestPlatform.Extensions.BlameDataCollector, Version=15.0.0.0, Culture=neutral, PublicKeyToken=b03f5f7f11d50a3a' file path 'C:\Program Files\dotnet\sdk\7.0.402\Extensions\Microsoft.TestPlatform.Extensions.BlameDataCollector.dll'
TpTrace Error: 0 : 20868, 1, 2024/01/15, 12:59:28.386, 1098149328520, datacollector.dll, The type "Microsoft.TestPlatform.Extensions.BlameDataCollector.BlameCollector" defined in "Microsoft.TestPlatform.Extensions.BlameDataCollector.dll" does not have ExtensionUri attribute.
TpTrace Information: 0 : 20868, 1, 2024/01/15, 12:59:28.387, 1098149341678, datacollector.dll, GetTestExtensionFromType: Register extension with identifier data 'datacollector://microsoft/TestPlatform/Extensions/Blame/v1' and type 'Microsoft.TestPlatform.Extensions.BlameDataCollector.BlameCollector, Microsoft.TestPlatform.Extensions.BlameDataCollector, Version=15.0.0.0, Culture=neutral, PublicKeyToken=b03f5f7f11d50a3a' inside file 'C:\Program Files\dotnet\sdk\7.0.402\Extensions\Microsoft.TestPlatform.Extensions.BlameDataCollector.dll'
TpTrace Information: 0 : 20868, 1, 2024/01/15, 12:59:28.387, 1098149343566, datacollector.dll, AssemblyResolver.OnResolve: Microsoft.TestPlatform.Extensions.EventLogCollector: Resolving assembly.
TpTrace Information: 0 : 20868, 1, 2024/01/15, 12:59:28.387, 1098149344414, datacollector.dll, AssemblyResolver.OnResolve: Microsoft.TestPlatform.Extensions.EventLogCollector: Searching in: 'C:\Program Files\dotnet\sdk\7.0.402\Extensions'.
TpTrace Information: 0 : 20868, 1, 2024/01/15, 12:59:28.388, 1098149353527, datacollector.dll, AssemblyResolver.OnResolve: Microsoft.TestPlatform.Extensions.EventLogCollector: Loading assembly 'C:\Program Files\dotnet\sdk\7.0.402\Extensions\Microsoft.TestPlatform.Extensions.EventLogCollector.dll'.
TpTrace Information: 0 : 20868, 1, 2024/01/15, 12:59:28.389, 1098149363210, datacollector.dll, AssemblyResolver.OnResolve: Resolved assembly: Microsoft.TestPlatform.Extensions.EventLogCollector, from path: C:\Program Files\dotnet\sdk\7.0.402\Extensions\Microsoft.TestPlatform.Extensions.EventLogCollector.dll
TpTrace Verbose: 0 : 20868, 1, 2024/01/15, 12:59:28.389, 1098149365256, datacollector.dll, MetadataReaderExtensionsHelper: Discovering extensions inside assembly 'Microsoft.TestPlatform.Extensions.EventLogCollector, Version=15.0.0.0, Culture=neutral, PublicKeyToken=b03f5f7f11d50a3a' file path 'C:\Program Files\dotnet\sdk\7.0.402\Extensions\Microsoft.TestPlatform.Extensions.EventLogCollector.dll'
TpTrace Error: 0 : 20868, 1, 2024/01/15, 12:59:28.401, 1098149477421, datacollector.dll, The type "Microsoft.TestPlatform.Extensions.EventLogCollector.EventLogDataCollector" defined in "Microsoft.TestPlatform.Extensions.EventLogCollector.dll" does not have ExtensionUri attribute.
TpTrace Information: 0 : 20868, 1, 2024/01/15, 12:59:28.401, 1098149481837, datacollector.dll, GetTestExtensionFromType: Register extension with identifier data 'datacollector://microsoft/EventLog/2.0' and type 'Microsoft.TestPlatform.Extensions.EventLogCollector.EventLogDataCollector, Microsoft.TestPlatform.Extensions.EventLogCollector, Version=15.0.0.0, Culture=neutral, PublicKeyToken=b03f5f7f11d50a3a' inside file 'C:\Program Files\dotnet\sdk\7.0.402\Extensions\Microsoft.TestPlatform.Extensions.EventLogCollector.dll'
TpTrace Verbose: 0 : 20868, 1, 2024/01/15, 12:59:28.401, 1098149485407, datacollector.dll, TestPluginCache: Discovered the extensions using extension path 'C:\Program Files\dotnet\sdk\7.0.402\Extensions\Microsoft.TestPlatform.Extensions.BlameDataCollector.dll,C:\Program Files\dotnet\sdk\7.0.402\Extensions\Microsoft.TestPlatform.Extensions.EventLogCollector.dll'.
TpTrace Verbose: 0 : 20868, 1, 2024/01/15, 12:59:28.402, 1098149486123, datacollector.dll, TestPluginCache: Discoverers are ''.
TpTrace Verbose: 0 : 20868, 1, 2024/01/15, 12:59:28.402, 1098149486671, datacollector.dll, TestPluginCache: Executors are ''.
TpTrace Verbose: 0 : 20868, 1, 2024/01/15, 12:59:28.402, 1098149487068, datacollector.dll, TestPluginCache: Executors2 are ''.
TpTrace Verbose: 0 : 20868, 1, 2024/01/15, 12:59:28.402, 1098149487955, datacollector.dll, TestPluginCache: Setting providers are ''.
TpTrace Verbose: 0 : 20868, 1, 2024/01/15, 12:59:28.402, 1098149488348, datacollector.dll, TestPluginCache: Loggers are ''.
TpTrace Verbose: 0 : 20868, 1, 2024/01/15, 12:59:28.402, 1098149488647, datacollector.dll, TestPluginCache: TestHosts are ''.
TpTrace Verbose: 0 : 20868, 1, 2024/01/15, 12:59:28.402, 1098149492017, datacollector.dll, TestPluginCache: DataCollectors are 'datacollector://microsoft/TestPlatform/Extensions/Blame/v1,datacollector://microsoft/EventLog/2.0'.
TpTrace Information: 0 : 20868, 1, 2024/01/15, 12:59:28.406, 1098149528041, datacollector.dll, TestPluginManager.CreateTestExtension: Attempting to load test extension: Microsoft.TestPlatform.Extensions.BlameDataCollector.BlameCollector
TpTrace Information: 0 : 20868, 1, 2024/01/15, 12:59:28.415, 1098149618051, datacollector.dll, [MonitorPostmortemDump]Monitor enabled: 'False'
TpTrace Verbose: 0 : 20868, 1, 2024/01/15, 12:59:28.416, 1098149628777, datacollector.dll, MulticastDelegateUtilities.SafeInvoke: DataCollectionEvents.SessionStart: Invoking callbacks was skipped because there are no subscribers.
TpTrace Information: 0 : 20868, 1, 2024/01/15, 12:59:28.416, 1098149634075, datacollector.dll, Listening on Endpoint : 127.0.0.1:61427
TpTrace Information: 0 : 20868, 1, 2024/01/15, 12:59:28.428, 1098149748487, datacollector.dll, DataCollectionRequestHandler.ProcessRequests : DataCollection started.
TpTrace Information: 0 : 20868, 1, 2024/01/15, 12:59:28.466, 1098150128776, datacollector.dll, DataCollectionRequestHandler.ProcessRequests: Datacollector received message: (DataCollection.TestHostLaunched) -> {"MessageType":"DataCollection.TestHostLaunched","Payload":{"ProcessId":16208}}
TpTrace Verbose: 0 : 20868, 1, 2024/01/15, 12:59:28.470, 1098150169102, datacollector.dll, MulticastDelegateUtilities.SafeInvoke: DataCollectionEvents.TestHostLaunched: Invoking callback 1/1 for Microsoft.TestPlatform.Extensions.BlameDataCollector.BlameCollector., took 0 ms.
TpTrace Information: 0 : 20868, 8, 2024/01/15, 12:59:28.822, 1098153688951, datacollector.dll, Using the buffer size of 16384 bytes
TpTrace Information: 0 : 20868, 8, 2024/01/15, 12:59:28.822, 1098153689895, datacollector.dll, Accepted Client request and set the flag
TpTrace Verbose: 0 : 20868, 6, 2024/01/15, 12:59:28.822, 1098153689366, datacollector.dll, SocketCommunicationManager.WaitForClientConnection took: 400 ms, with 90000 ms timeout, and finished with True.
TpTrace Information: 0 : 20868, 6, 2024/01/15, 12:59:29.564, 1098161113960, datacollector.dll, DataCollectionTestCaseEventHandler: Test case starting.
TpTrace Information: 0 : 20868, 6, 2024/01/15, 12:59:29.588, 1098161355512, datacollector.dll, BlameCollector.EventsTestCaseStart: Test Case Start
TpTrace Verbose: 0 : 20868, 6, 2024/01/15, 12:59:29.589, 1098161359334, datacollector.dll, MulticastDelegateUtilities.SafeInvoke: DataCollectionEvents.TestCaseStart: Invoking callback 1/1 for Microsoft.TestPlatform.Extensions.BlameDataCollector.BlameCollector., took 0 ms.
TpTrace Information: 0 : 20868, 6, 2024/01/15, 12:59:29.589, 1098161365390, datacollector.dll, DataCollectionTestCaseEventHandler: Test case 'BlizinaNaMapiTest - 417a3447-fdf4-9788-57fd-9bdf0b1434d1' started.
TpTrace Information: 0 : 20868, 6, 2024/01/15, 12:59:34.904, 1098214512236, datacollector.dll, DataCollectionTestCaseEventHandler: Test case completing.
TpTrace Information: 0 : 20868, 6, 2024/01/15, 12:59:34.919, 1098214660630, datacollector.dll, BlameCollector.EventsTestCaseEnd: Test Case End
TpTrace Verbose: 0 : 20868, 6, 2024/01/15, 12:59:34.920, 1098214669979, datacollector.dll, MulticastDelegateUtilities.SafeInvoke: DataCollectionEvents.TestCaseEnd: Invoking callback 1/1 for Microsoft.TestPlatform.Extensions.BlameDataCollector.BlameCollector., took 1 ms.
TpTrace Information: 0 : 20868, 6, 2024/01/15, 12:59:34.929, 1098214764597, datacollector.dll, DataCollectionTestCaseEventHandler: Test case 'BlizinaNaMapiTest - 417a3447-fdf4-9788-57fd-9bdf0b1434d1' completed
TpTrace Information: 0 : 20868, 6, 2024/01/15, 12:59:35.000, 1098215471417, datacollector.dll, DataCollectionTestCaseEventHandler: Test case starting.
TpTrace Information: 0 : 20868, 6, 2024/01/15, 12:59:35.001, 1098215481094, datacollector.dll, BlameCollector.EventsTestCaseStart: Test Case Start
TpTrace Verbose: 0 : 20868, 6, 2024/01/15, 12:59:35.001, 1098215483389, datacollector.dll, MulticastDelegateUtilities.SafeInvoke: DataCollectionEvents.TestCaseStart: Invoking callback 1/1 for Microsoft.TestPlatform.Extensions.BlameDataCollector.BlameCollector., took 0 ms.
TpTrace Information: 0 : 20868, 6, 2024/01/15, 12:59:35.002, 1098215487103, datacollector.dll, DataCollectionTestCaseEventHandler: Test case 'ImplicitniLoginTest - 98d7a68c-064d-be51-f920-fee15722c99c' started.
TpTrace Information: 0 : 20868, 6, 2024/01/15, 12:59:37.976, 1098245227778, datacollector.dll, DataCollectionTestCaseEventHandler: Test case completing.
TpTrace Information: 0 : 20868, 6, 2024/01/15, 12:59:37.977, 1098245239034, datacollector.dll, BlameCollector.EventsTestCaseEnd: Test Case End
TpTrace Verbose: 0 : 20868, 6, 2024/01/15, 12:59:37.977, 1098245240347, datacollector.dll, MulticastDelegateUtilities.SafeInvoke: DataCollectionEvents.TestCaseEnd: Invoking callback 1/1 for Microsoft.TestPlatform.Extensions.BlameDataCollector.BlameCollector., took 0 ms.
TpTrace Information: 0 : 20868, 6, 2024/01/15, 12:59:37.977, 1098245244311, datacollector.dll, DataCollectionTestCaseEventHandler: Test case 'ImplicitniLoginTest - 98d7a68c-064d-be51-f920-fee15722c99c' completed
TpTrace Information: 0 : 20868, 6, 2024/01/15, 12:59:37.980, 1098245275319, datacollector.dll, DataCollectionTestCaseEventHandler: Test case starting.
TpTrace Information: 0 : 20868, 6, 2024/01/15, 12:59:37.981, 1098245284703, datacollector.dll, BlameCollector.EventsTestCaseStart: Test Case Start
TpTrace Verbose: 0 : 20868, 6, 2024/01/15, 12:59:37.982, 1098245286379, datacollector.dll, MulticastDelegateUtilities.SafeInvoke: DataCollectionEvents.TestCaseStart: Invoking callback 1/1 for Microsoft.TestPlatform.Extensions.BlameDataCollector.BlameCollector., took 0 ms.
TpTrace Information: 0 : 20868, 6, 2024/01/15, 12:59:37.982, 1098245288852, datacollector.dll, DataCollectionTestCaseEventHandler: Test case 'LokacijaTest - e83b7031-4d33-e926-7715-b1300e69bce2' started.
TpTrace Information: 0 : 20868, 6, 2024/01/15, 12:59:41.341, 1098278880545, datacollector.dll, DataCollectionTestCaseEventHandler: Test case completing.
TpTrace Information: 0 : 20868, 6, 2024/01/15, 12:59:41.342, 1098278887692, datacollector.dll, BlameCollector.EventsTestCaseEnd: Test Case End
TpTrace Verbose: 0 : 20868, 6, 2024/01/15, 12:59:41.342, 1098278888783, datacollector.dll, MulticastDelegateUtilities.SafeInvoke: DataCollectionEvents.TestCaseEnd: Invoking callback 1/1 for Microsoft.TestPlatform.Extensions.BlameDataCollector.BlameCollector., took 0 ms.
TpTrace Information: 0 : 20868, 6, 2024/01/15, 12:59:41.342, 1098278891187, datacollector.dll, DataCollectionTestCaseEventHandler: Test case 'LokacijaTest - e83b7031-4d33-e926-7715-b1300e69bce2' completed
TpTrace Information: 0 : 20868, 6, 2024/01/15, 12:59:41.344, 1098278912173, datacollector.dll, DataCollectionTestCaseEventHandler: Test case starting.
TpTrace Information: 0 : 20868, 6, 2024/01/15, 12:59:41.345, 1098278918875, datacollector.dll, BlameCollector.EventsTestCaseStart: Test Case Start
TpTrace Verbose: 0 : 20868, 6, 2024/01/15, 12:59:41.345, 1098278920536, datacollector.dll, MulticastDelegateUtilities.SafeInvoke: DataCollectionEvents.TestCaseStart: Invoking callback 1/1 for Microsoft.TestPlatform.Extensions.BlameDataCollector.BlameCollector., took 0 ms.
TpTrace Information: 0 : 20868, 6, 2024/01/15, 12:59:41.345, 1098278923454, datacollector.dll, DataCollectionTestCaseEventHandler: Test case 'NovostiTest - 25c1a098-d2c7-2a0c-d833-7161a61ddbdb' started.
TpTrace Information: 0 : 20868, 6, 2024/01/15, 12:59:48.623, 1098351696984, datacollector.dll, DataCollectionTestCaseEventHandler: Test case completing.
TpTrace Information: 0 : 20868, 6, 2024/01/15, 12:59:48.624, 1098351708940, datacollector.dll, BlameCollector.EventsTestCaseEnd: Test Case End
TpTrace Verbose: 0 : 20868, 6, 2024/01/15, 12:59:48.624, 1098351710372, datacollector.dll, MulticastDelegateUtilities.SafeInvoke: DataCollectionEvents.TestCaseEnd: Invoking callback 1/1 for Microsoft.TestPlatform.Extensions.BlameDataCollector.BlameCollector., took 0 ms.
TpTrace Information: 0 : 20868, 6, 2024/01/15, 12:59:48.624, 1098351713996, datacollector.dll, DataCollectionTestCaseEventHandler: Test case 'NovostiTest - 25c1a098-d2c7-2a0c-d833-7161a61ddbdb' completed
TpTrace Information: 0 : 20868, 6, 2024/01/15, 12:59:48.629, 1098351759430, datacollector.dll, DataCollectionTestCaseEventHandler: Test case starting.
TpTrace Information: 0 : 20868, 6, 2024/01/15, 12:59:48.630, 1098351767247, datacollector.dll, BlameCollector.EventsTestCaseStart: Test Case Start
TpTrace Verbose: 0 : 20868, 6, 2024/01/15, 12:59:48.630, 1098351768757, datacollector.dll, MulticastDelegateUtilities.SafeInvoke: DataCollectionEvents.TestCaseStart: Invoking callback 1/1 for Microsoft.TestPlatform.Extensions.BlameDataCollector.BlameCollector., took 0 ms.
TpTrace Information: 0 : 20868, 6, 2024/01/15, 12:59:48.630, 1098351771561, datacollector.dll, DataCollectionTestCaseEventHandler: Test case 'PregledDetaljiTest - 8eb2c4e2-fa2a-2dd6-e201-a26e3b9c1180' started.
TpTrace Information: 0 : 20868, 6, 2024/01/15, 12:59:51.759, 1098383060327, datacollector.dll, DataCollectionTestCaseEventHandler: Test case completing.
TpTrace Information: 0 : 20868, 6, 2024/01/15, 12:59:51.761, 1098383076172, datacollector.dll, BlameCollector.EventsTestCaseEnd: Test Case End
TpTrace Verbose: 0 : 20868, 6, 2024/01/15, 12:59:51.761, 1098383078670, datacollector.dll, MulticastDelegateUtilities.SafeInvoke: DataCollectionEvents.TestCaseEnd: Invoking callback 1/1 for Microsoft.TestPlatform.Extensions.BlameDataCollector.BlameCollector., took 0 ms.
TpTrace Information: 0 : 20868, 6, 2024/01/15, 12:59:51.761, 1098383082063, datacollector.dll, DataCollectionTestCaseEventHandler: Test case 'PregledDetaljiTest - 8eb2c4e2-fa2a-2dd6-e201-a26e3b9c1180' completed
TpTrace Information: 0 : 20868, 6, 2024/01/15, 12:59:51.763, 1098383103200, datacollector.dll, DataCollectionTestCaseEventHandler: Test case starting.
TpTrace Information: 0 : 20868, 6, 2024/01/15, 12:59:51.764, 1098383113426, datacollector.dll, BlameCollector.EventsTestCaseStart: Test Case Start
TpTrace Verbose: 0 : 20868, 6, 2024/01/15, 12:59:51.765, 1098383115772, datacollector.dll, MulticastDelegateUtilities.SafeInvoke: DataCollectionEvents.TestCaseStart: Invoking callback 1/1 for Microsoft.TestPlatform.Extensions.BlameDataCollector.BlameCollector., took 0 ms.
TpTrace Information: 0 : 20868, 6, 2024/01/15, 12:59:51.765, 1098383118626, datacollector.dll, DataCollectionTestCaseEventHandler: Test case 'SoriranjeTest - 4cd2dfe2-1d7b-75e2-ea44-ac08bde1fe52' started.
TpTrace Information: 0 : 20868, 6, 2024/01/15, 12:59:54.706, 1098412532200, datacollector.dll, DataCollectionTestCaseEventHandler: Test case completing.
TpTrace Information: 0 : 20868, 6, 2024/01/15, 12:59:54.707, 1098412539051, datacollector.dll, BlameCollector.EventsTestCaseEnd: Test Case End
TpTrace Verbose: 0 : 20868, 6, 2024/01/15, 12:59:54.707, 1098412540367, datacollector.dll, MulticastDelegateUtilities.SafeInvoke: DataCollectionEvents.TestCaseEnd: Invoking callback 1/1 for Microsoft.TestPlatform.Extensions.BlameDataCollector.BlameCollector., took 0 ms.
TpTrace Information: 0 : 20868, 6, 2024/01/15, 12:59:54.707, 1098412543353, datacollector.dll, DataCollectionTestCaseEventHandler: Test case 'SoriranjeTest - 4cd2dfe2-1d7b-75e2-ea44-ac08bde1fe52' completed
TpTrace Information: 0 : 20868, 6, 2024/01/15, 12:59:54.733, 1098412801814, datacollector.dll, DataCollectionTestCaseEventHandler: Test session ended
TpTrace Information: 0 : 20868, 1, 2024/01/15, 12:59:54.899, 1098414459784, datacollector.dll, DataCollectionRequestHandler.ProcessRequests: Datacollector received message: (DataCollection.AfterTestRunEnd) -> {"MessageType":"DataCollection.AfterTestRunEnd","Payload":false}
TpTrace Information: 0 : 20868, 1, 2024/01/15, 12:59:54.901, 1098414484034, datacollector.dll, Blame Collector: Session End
TpTrace Information: 0 : 20868, 1, 2024/01/15, 12:59:54.902, 1098414486665, datacollector.dll, BlameCollector.CollectDumpAndAbortTesthost: Custom path to dump directory was provided via VSTEST_DUMP_PATH. Skipping attachment upload, the caller is responsible for collecting and uploading the dumps themselves.
TpTrace Verbose: 0 : 20868, 1, 2024/01/15, 12:59:54.902, 1098414489095, datacollector.dll, MulticastDelegateUtilities.SafeInvoke: DataCollectionEvents.SessionEnd: Invoking callback 1/1 for Microsoft.TestPlatform.Extensions.BlameDataCollector.BlameCollector., took 0 ms.
TpTrace Information: 0 : 20868, 1, 2024/01/15, 12:59:54.904, 1098414508172, datacollector.dll, DataCollectionManager.CleanupPlugins: CleanupPlugins called
TpTrace Verbose: 0 : 20868, 1, 2024/01/15, 12:59:54.904, 1098414510103, datacollector.dll, DataCollectionManager.CleanupPlugins: Cleaning up 1 plugins
TpTrace Verbose: 0 : 20868, 1, 2024/01/15, 12:59:54.904, 1098414514881, datacollector.dll, dataCollectorInfo.DisposeDataCollector: calling Dispose() on Microsoft.TestPlatform.Extensions.BlameDataCollector.BlameCollector
TpTrace Information: 0 : 20868, 1, 2024/01/15, 12:59:54.905, 1098414517862, datacollector.dll, DataCollectionManager.CleanupPlugins: CleanupPlugins finished
TpTrace Information: 0 : 20868, 1, 2024/01/15, 12:59:54.920, 1098414674523, datacollector.dll, DataCollectionRequestHandler.ProcessRequests : Session End message received from server. Closing the connection.
TpTrace Information: 0 : 20868, 1, 2024/01/15, 12:59:54.921, 1098414681430, datacollector.dll, Closing the connection !
TpTrace Information: 0 : 20868, 1, 2024/01/15, 12:59:54.921, 1098414682873, datacollector.dll, DataCollectionRequestHandler.ProcessRequests : DataCollection completed
TpTrace Information: 0 : 20868, 1, 2024/01/15, 12:59:54.921, 1098414683574, datacollector.dll, Program.Main: exiting datacollector process.
