TpTrace Verbose: 0 : 26052, 1, 2024/01/15, 14:27:29.023, 1150955702534, datacollector.dll, Version: 17.7.1-release-23418-01
TpTrace Information: 0 : 26052, 1, 2024/01/15, 14:27:29.027, 1150955743780, datacollector.dll, DataCollectorMain.Run: Starting data collector run with args: --port,63891,--parentprocessid,27432,--diag,C:\Users\User\Documents\GitHub\VVS-Karmela\bin\Debug\net5.0\fine-code-coverage\coverage-tool-output\diagnostics.datacollector.24-01-15_14-27-28_88486_5.log,--tracelevel,4
TpTrace Information: 0 : 26052, 1, 2024/01/15, 14:27:29.027, 1150955744645, datacollector.dll, DataCollector: Monitoring parent process with id: '27432'
TpTrace Information: 0 : 26052, 1, 2024/01/15, 14:27:29.033, 1150955801816, datacollector.dll, Trying to connect to server on socket : 127.0.0.1:63891 
TpTrace Verbose: 0 : 26052, 1, 2024/01/15, 14:27:29.041, 1150955876445, datacollector.dll, SocketCommunicationManager : SetupClientAsync : Attempting to connect to the server.
TpTrace Information: 0 : 26052, 6, 2024/01/15, 14:27:29.048, 1150955952975, datacollector.dll, Connected to the server successfully 
TpTrace Information: 0 : 26052, 6, 2024/01/15, 14:27:29.048, 1150955954276, datacollector.dll, Using the buffer size of 16384 bytes
TpTrace Information: 0 : 26052, 1, 2024/01/15, 14:27:29.155, 1150957015906, datacollector.dll, DataCollector: Start Request Processing.
TpTrace Verbose: 0 : 26052, 1, 2024/01/15, 14:27:29.155, 1150957018556, datacollector.dll, SocketCommunicationManager.WaitForServerConnection took: 0 ms, with 90000 ms timeout, and finished with True.
TpTrace Information: 0 : 26052, 1, 2024/01/15, 14:27:29.160, 1150957074262, datacollector.dll, DataCollectionRequestHandler.ProcessRequests: Datacollector received message: (DataCollection.BeforeTestRunStart) -> {"MessageType":"DataCollection.BeforeTestRunStart","Payload":{"SettingsXml":"<RunSettings><RunConfiguration><ResultsDirectory>C:\\Users\\User\\Documents\\GitHub\\VVS-Karmela\\bin\\Debug\\net5.0\\fine-code-coverage\\coverage-tool-output</ResultsDirectory><TargetPlatform>X64</TargetPlatform><TargetFrameworkVersion>.NETCoreApp,Version=v5.0</TargetFrameworkVersion><DesignMode>False</DesignMode><CollectSourceInformation>False</CollectSourceInformation><TestAdaptersPaths>C:\\Program Files\\dotnet\\sdk\\7.0.402\\Extensions</TestAdaptersPaths></RunConfiguration><LoggerRunSettings><Loggers><Logger friendlyName=\"blame\" enabled=\"True\" /><Logger friendlyName=\"Console\" uri=\"logger://microsoft/TestPlatform/ConsoleLogger/v1\" assemblyQualifiedName=\"Microsoft.VisualStudio.TestPlatform.CommandLine.Internal.ConsoleLogger, vstest.console, Version=15.0.0.0, Culture=neutral, PublicKeyToken=b03f5f7f11d50a3a\" codeBase=\"C:\\Program Files\\dotnet\\sdk\\7.0.402\\vstest.console.dll\" enabled=\"True\" /></Loggers></LoggerRunSettings><DataCollectionRunSettings><DataCollectors><DataCollector friendlyName=\"blame\" enabled=\"True\"><Configuration><ResultsDirectory>C:\\Users\\User\\Documents\\GitHub\\VVS-Karmela\\bin\\Debug\\net5.0\\fine-code-coverage\\coverage-tool-output</ResultsDirectory></Configuration></DataCollector></DataCollectors></DataCollectionRunSettings></RunSettings>","Sources":["C:\\Users\\User\\Documents\\GitHub\\VVS-Karmela\\bin\\Debug\\net5.0\\fine-code-coverage\\build-output\\Karmela.dll"],"IsTelemetryOptedIn":false}}
TpTrace Verbose: 0 : 26052, 1, 2024/01/15, 14:27:29.206, 1150957527058, datacollector.dll, TestPluginCache: Update extensions started. Skip filter = False
TpTrace Verbose: 0 : 26052, 1, 2024/01/15, 14:27:29.206, 1150957535671, datacollector.dll, TestPluginCache: Using directories for assembly resolution 'C:\Program Files\dotnet\sdk\7.0.402\Extensions'.
TpTrace Verbose: 0 : 26052, 1, 2024/01/15, 14:27:29.207, 1150957536379, datacollector.dll, TestPluginCache: Updated the available extensions to 'C:\Program Files\dotnet\sdk\7.0.402\Extensions\Microsoft.TestPlatform.Extensions.BlameDataCollector.dll,C:\Program Files\dotnet\sdk\7.0.402\Extensions\Microsoft.TestPlatform.Extensions.EventLogCollector.dll'.
TpTrace Verbose: 0 : 26052, 1, 2024/01/15, 14:27:29.213, 1150957605746, datacollector.dll, TestPluginCache.DiscoverTestExtensions: finding test extensions in assemblies ends with: Collector.dll TPluginInfo: Microsoft.VisualStudio.TestPlatform.Common.DataCollector.DataCollectorConfig TExtension: Microsoft.VisualStudio.TestPlatform.ObjectModel.DataCollection.DataCollector
TpTrace Verbose: 0 : 26052, 1, 2024/01/15, 14:27:29.215, 1150957618747, datacollector.dll, TestPluginCache.GetExtensionPaths: Filtered extension paths: C:\Program Files\dotnet\sdk\7.0.402\Extensions\Microsoft.TestPlatform.Extensions.BlameDataCollector.dll
C:\Program Files\dotnet\sdk\7.0.402\Extensions\Microsoft.TestPlatform.Extensions.EventLogCollector.dll
TpTrace Verbose: 0 : 26052, 1, 2024/01/15, 14:27:29.215, 1150957619564, datacollector.dll, TestPluginCache.GetExtensionPaths: Added default extension paths: 
TpTrace Verbose: 0 : 26052, 1, 2024/01/15, 14:27:29.215, 1150957619824, datacollector.dll, TestPluginCache.GetExtensionPaths: Added unfilterableExtensionPaths: 
TpTrace Information: 0 : 26052, 1, 2024/01/15, 14:27:29.216, 1150957626388, datacollector.dll, AssemblyResolver.ctor: Creating AssemblyResolver with searchDirectories C:\Program Files\dotnet\sdk\7.0.402\Extensions,C:\Program Files\dotnet\sdk\7.0.402
TpTrace Verbose: 0 : 26052, 1, 2024/01/15, 14:27:29.218, 1150957647352, datacollector.dll, TestPluginCache.DiscoverTestExtensions: Discovering the extensions using extension path.
TpTrace Verbose: 0 : 26052, 1, 2024/01/15, 14:27:29.218, 1150957650109, datacollector.dll, TestPluginCache.GetExtensionPaths: Filtered extension paths: C:\Program Files\dotnet\sdk\7.0.402\Extensions\Microsoft.TestPlatform.Extensions.BlameDataCollector.dll
C:\Program Files\dotnet\sdk\7.0.402\Extensions\Microsoft.TestPlatform.Extensions.EventLogCollector.dll
TpTrace Verbose: 0 : 26052, 1, 2024/01/15, 14:27:29.218, 1150957650875, datacollector.dll, TestPluginCache.GetExtensionPaths: Added default extension paths: 
TpTrace Verbose: 0 : 26052, 1, 2024/01/15, 14:27:29.218, 1150957651144, datacollector.dll, TestPluginCache.GetExtensionPaths: Added unfilterableExtensionPaths: 
TpTrace Verbose: 0 : 26052, 1, 2024/01/15, 14:27:29.218, 1150957651882, datacollector.dll, TestPluginCache.DiscoverTestExtensions: Discovering the extensions using allExtensionPaths: C:\Program Files\dotnet\sdk\7.0.402\Extensions\Microsoft.TestPlatform.Extensions.BlameDataCollector.dll
C:\Program Files\dotnet\sdk\7.0.402\Extensions\Microsoft.TestPlatform.Extensions.EventLogCollector.dll
TpTrace Information: 0 : 26052, 1, 2024/01/15, 14:27:29.218, 1150957653908, datacollector.dll, AssemblyResolver.AddSearchDirectories: Adding more searchDirectories C:\Program Files\dotnet\sdk\7.0.402\Extensions,C:\Program Files\dotnet\sdk\7.0.402
TpTrace Information: 0 : 26052, 1, 2024/01/15, 14:27:29.218, 1150957655242, datacollector.dll, AssemblyResolver.AddSearchDirectories: Adding more searchDirectories C:\Program Files\dotnet\sdk\7.0.402\Extensions,C:\Program Files\dotnet\sdk\7.0.402
TpTrace Information: 0 : 26052, 1, 2024/01/15, 14:27:29.219, 1150957660474, datacollector.dll, AssemblyResolver.OnResolve: Microsoft.TestPlatform.Extensions.BlameDataCollector: Resolving assembly.
TpTrace Information: 0 : 26052, 1, 2024/01/15, 14:27:29.219, 1150957661283, datacollector.dll, AssemblyResolver.OnResolve: Microsoft.TestPlatform.Extensions.BlameDataCollector: Searching in: 'C:\Program Files\dotnet\sdk\7.0.402\Extensions'.
TpTrace Information: 0 : 26052, 1, 2024/01/15, 14:27:29.235, 1150957818541, datacollector.dll, AssemblyResolver.OnResolve: Microsoft.TestPlatform.Extensions.BlameDataCollector: Loading assembly 'C:\Program Files\dotnet\sdk\7.0.402\Extensions\Microsoft.TestPlatform.Extensions.BlameDataCollector.dll'.
TpTrace Information: 0 : 26052, 1, 2024/01/15, 14:27:29.236, 1150957831777, datacollector.dll, AssemblyResolver.OnResolve: Resolved assembly: Microsoft.TestPlatform.Extensions.BlameDataCollector, from path: C:\Program Files\dotnet\sdk\7.0.402\Extensions\Microsoft.TestPlatform.Extensions.BlameDataCollector.dll
TpTrace Verbose: 0 : 26052, 1, 2024/01/15, 14:27:29.237, 1150957844507, datacollector.dll, MetadataReaderExtensionsHelper: Discovering extensions inside assembly 'Microsoft.TestPlatform.Extensions.BlameDataCollector, Version=15.0.0.0, Culture=neutral, PublicKeyToken=b03f5f7f11d50a3a' file path 'C:\Program Files\dotnet\sdk\7.0.402\Extensions\Microsoft.TestPlatform.Extensions.BlameDataCollector.dll'
TpTrace Error: 0 : 26052, 1, 2024/01/15, 14:27:29.242, 1150957888899, datacollector.dll, The type "Microsoft.TestPlatform.Extensions.BlameDataCollector.BlameCollector" defined in "Microsoft.TestPlatform.Extensions.BlameDataCollector.dll" does not have ExtensionUri attribute.
TpTrace Information: 0 : 26052, 1, 2024/01/15, 14:27:29.244, 1150957913741, datacollector.dll, GetTestExtensionFromType: Register extension with identifier data 'datacollector://microsoft/TestPlatform/Extensions/Blame/v1' and type 'Microsoft.TestPlatform.Extensions.BlameDataCollector.BlameCollector, Microsoft.TestPlatform.Extensions.BlameDataCollector, Version=15.0.0.0, Culture=neutral, PublicKeyToken=b03f5f7f11d50a3a' inside file 'C:\Program Files\dotnet\sdk\7.0.402\Extensions\Microsoft.TestPlatform.Extensions.BlameDataCollector.dll'
TpTrace Information: 0 : 26052, 1, 2024/01/15, 14:27:29.244, 1150957915920, datacollector.dll, AssemblyResolver.OnResolve: Microsoft.TestPlatform.Extensions.EventLogCollector: Resolving assembly.
TpTrace Information: 0 : 26052, 1, 2024/01/15, 14:27:29.245, 1150957916785, datacollector.dll, AssemblyResolver.OnResolve: Microsoft.TestPlatform.Extensions.EventLogCollector: Searching in: 'C:\Program Files\dotnet\sdk\7.0.402\Extensions'.
TpTrace Information: 0 : 26052, 1, 2024/01/15, 14:27:29.246, 1150957925933, datacollector.dll, AssemblyResolver.OnResolve: Microsoft.TestPlatform.Extensions.EventLogCollector: Loading assembly 'C:\Program Files\dotnet\sdk\7.0.402\Extensions\Microsoft.TestPlatform.Extensions.EventLogCollector.dll'.
TpTrace Information: 0 : 26052, 1, 2024/01/15, 14:27:29.246, 1150957934286, datacollector.dll, AssemblyResolver.OnResolve: Resolved assembly: Microsoft.TestPlatform.Extensions.EventLogCollector, from path: C:\Program Files\dotnet\sdk\7.0.402\Extensions\Microsoft.TestPlatform.Extensions.EventLogCollector.dll
TpTrace Verbose: 0 : 26052, 1, 2024/01/15, 14:27:29.247, 1150957935909, datacollector.dll, MetadataReaderExtensionsHelper: Discovering extensions inside assembly 'Microsoft.TestPlatform.Extensions.EventLogCollector, Version=15.0.0.0, Culture=neutral, PublicKeyToken=b03f5f7f11d50a3a' file path 'C:\Program Files\dotnet\sdk\7.0.402\Extensions\Microsoft.TestPlatform.Extensions.EventLogCollector.dll'
TpTrace Error: 0 : 26052, 1, 2024/01/15, 14:27:29.254, 1150958006259, datacollector.dll, The type "Microsoft.TestPlatform.Extensions.EventLogCollector.EventLogDataCollector" defined in "Microsoft.TestPlatform.Extensions.EventLogCollector.dll" does not have ExtensionUri attribute.
TpTrace Information: 0 : 26052, 1, 2024/01/15, 14:27:29.254, 1150958008805, datacollector.dll, GetTestExtensionFromType: Register extension with identifier data 'datacollector://microsoft/EventLog/2.0' and type 'Microsoft.TestPlatform.Extensions.EventLogCollector.EventLogDataCollector, Microsoft.TestPlatform.Extensions.EventLogCollector, Version=15.0.0.0, Culture=neutral, PublicKeyToken=b03f5f7f11d50a3a' inside file 'C:\Program Files\dotnet\sdk\7.0.402\Extensions\Microsoft.TestPlatform.Extensions.EventLogCollector.dll'
TpTrace Verbose: 0 : 26052, 1, 2024/01/15, 14:27:29.254, 1150958011590, datacollector.dll, TestPluginCache: Discovered the extensions using extension path 'C:\Program Files\dotnet\sdk\7.0.402\Extensions\Microsoft.TestPlatform.Extensions.BlameDataCollector.dll,C:\Program Files\dotnet\sdk\7.0.402\Extensions\Microsoft.TestPlatform.Extensions.EventLogCollector.dll'.
TpTrace Verbose: 0 : 26052, 1, 2024/01/15, 14:27:29.254, 1150958012251, datacollector.dll, TestPluginCache: Discoverers are ''.
TpTrace Verbose: 0 : 26052, 1, 2024/01/15, 14:27:29.254, 1150958012560, datacollector.dll, TestPluginCache: Executors are ''.
TpTrace Verbose: 0 : 26052, 1, 2024/01/15, 14:27:29.254, 1150958012833, datacollector.dll, TestPluginCache: Executors2 are ''.
TpTrace Verbose: 0 : 26052, 1, 2024/01/15, 14:27:29.254, 1150958013171, datacollector.dll, TestPluginCache: Setting providers are ''.
TpTrace Verbose: 0 : 26052, 1, 2024/01/15, 14:27:29.254, 1150958013429, datacollector.dll, TestPluginCache: Loggers are ''.
TpTrace Verbose: 0 : 26052, 1, 2024/01/15, 14:27:29.254, 1150958013662, datacollector.dll, TestPluginCache: TestHosts are ''.
TpTrace Verbose: 0 : 26052, 1, 2024/01/15, 14:27:29.255, 1150958015925, datacollector.dll, TestPluginCache: DataCollectors are 'datacollector://microsoft/TestPlatform/Extensions/Blame/v1,datacollector://microsoft/EventLog/2.0'.
TpTrace Information: 0 : 26052, 1, 2024/01/15, 14:27:29.256, 1150958031283, datacollector.dll, TestPluginManager.CreateTestExtension: Attempting to load test extension: Microsoft.TestPlatform.Extensions.BlameDataCollector.BlameCollector
TpTrace Information: 0 : 26052, 1, 2024/01/15, 14:27:29.261, 1150958083842, datacollector.dll, [MonitorPostmortemDump]Monitor enabled: 'False'
TpTrace Verbose: 0 : 26052, 1, 2024/01/15, 14:27:29.263, 1150958100103, datacollector.dll, MulticastDelegateUtilities.SafeInvoke: DataCollectionEvents.SessionStart: Invoking callbacks was skipped because there are no subscribers.
TpTrace Information: 0 : 26052, 1, 2024/01/15, 14:27:29.264, 1150958105918, datacollector.dll, Listening on Endpoint : 127.0.0.1:63893
TpTrace Information: 0 : 26052, 1, 2024/01/15, 14:27:29.275, 1150958221267, datacollector.dll, DataCollectionRequestHandler.ProcessRequests : DataCollection started.
TpTrace Information: 0 : 26052, 1, 2024/01/15, 14:27:29.295, 1150958417827, datacollector.dll, DataCollectionRequestHandler.ProcessRequests: Datacollector received message: (DataCollection.TestHostLaunched) -> {"MessageType":"DataCollection.TestHostLaunched","Payload":{"ProcessId":24664}}
TpTrace Verbose: 0 : 26052, 1, 2024/01/15, 14:27:29.297, 1150958444183, datacollector.dll, MulticastDelegateUtilities.SafeInvoke: DataCollectionEvents.TestHostLaunched: Invoking callback 1/1 for Microsoft.TestPlatform.Extensions.BlameDataCollector.BlameCollector., took 0 ms.
TpTrace Verbose: 0 : 26052, 6, 2024/01/15, 14:27:29.573, 1150961204200, datacollector.dll, SocketCommunicationManager.WaitForClientConnection took: 305 ms, with 90000 ms timeout, and finished with True.
TpTrace Information: 0 : 26052, 8, 2024/01/15, 14:27:29.573, 1150961204135, datacollector.dll, Using the buffer size of 16384 bytes
TpTrace Information: 0 : 26052, 8, 2024/01/15, 14:27:29.574, 1150961206364, datacollector.dll, Accepted Client request and set the flag
TpTrace Information: 0 : 26052, 6, 2024/01/15, 14:27:30.853, 1150973999880, datacollector.dll, DataCollectionTestCaseEventHandler: Test case starting.
TpTrace Information: 0 : 26052, 6, 2024/01/15, 14:27:30.874, 1150974207777, datacollector.dll, BlameCollector.EventsTestCaseStart: Test Case Start
TpTrace Verbose: 0 : 26052, 6, 2024/01/15, 14:27:30.874, 1150974210616, datacollector.dll, MulticastDelegateUtilities.SafeInvoke: DataCollectionEvents.TestCaseStart: Invoking callback 1/1 for Microsoft.TestPlatform.Extensions.BlameDataCollector.BlameCollector., took 0 ms.
TpTrace Information: 0 : 26052, 6, 2024/01/15, 14:27:30.874, 1150974213317, datacollector.dll, DataCollectionTestCaseEventHandler: Test case 'BlizinaNaMapiTest - 417a3447-fdf4-9788-57fd-9bdf0b1434d1' started.
TpTrace Information: 0 : 26052, 6, 2024/01/15, 14:27:44.532, 1151110792584, datacollector.dll, DataCollectionTestCaseEventHandler: Test case completing.
TpTrace Information: 0 : 26052, 6, 2024/01/15, 14:27:44.538, 1151110850588, datacollector.dll, BlameCollector.EventsTestCaseEnd: Test Case End
TpTrace Verbose: 0 : 26052, 6, 2024/01/15, 14:27:44.538, 1151110853631, datacollector.dll, MulticastDelegateUtilities.SafeInvoke: DataCollectionEvents.TestCaseEnd: Invoking callback 1/1 for Microsoft.TestPlatform.Extensions.BlameDataCollector.BlameCollector., took 0 ms.
TpTrace Information: 0 : 26052, 6, 2024/01/15, 14:27:44.543, 1151110896494, datacollector.dll, DataCollectionTestCaseEventHandler: Test case 'BlizinaNaMapiTest - 417a3447-fdf4-9788-57fd-9bdf0b1434d1' completed
TpTrace Information: 0 : 26052, 6, 2024/01/15, 14:27:44.569, 1151111156801, datacollector.dll, DataCollectionTestCaseEventHandler: Test case starting.
TpTrace Information: 0 : 26052, 6, 2024/01/15, 14:27:44.569, 1151111161572, datacollector.dll, BlameCollector.EventsTestCaseStart: Test Case Start
TpTrace Verbose: 0 : 26052, 6, 2024/01/15, 14:27:44.569, 1151111162294, datacollector.dll, MulticastDelegateUtilities.SafeInvoke: DataCollectionEvents.TestCaseStart: Invoking callback 1/1 for Microsoft.TestPlatform.Extensions.BlameDataCollector.BlameCollector., took 0 ms.
TpTrace Information: 0 : 26052, 6, 2024/01/15, 14:27:44.569, 1151111164921, datacollector.dll, DataCollectionTestCaseEventHandler: Test case 'FiltriranjeNaKlikTest - 8911d0bb-8f9a-1dca-943e-9ca96cba7cd2' started.
TpTrace Information: 0 : 26052, 6, 2024/01/15, 14:27:57.514, 1151240615297, datacollector.dll, DataCollectionTestCaseEventHandler: Test case completing.
TpTrace Information: 0 : 26052, 6, 2024/01/15, 14:27:57.515, 1151240625151, datacollector.dll, BlameCollector.EventsTestCaseEnd: Test Case End
TpTrace Verbose: 0 : 26052, 6, 2024/01/15, 14:27:57.516, 1151240626430, datacollector.dll, MulticastDelegateUtilities.SafeInvoke: DataCollectionEvents.TestCaseEnd: Invoking callback 1/1 for Microsoft.TestPlatform.Extensions.BlameDataCollector.BlameCollector., took 0 ms.
TpTrace Information: 0 : 26052, 6, 2024/01/15, 14:27:57.516, 1151240629070, datacollector.dll, DataCollectionTestCaseEventHandler: Test case 'FiltriranjeNaKlikTest - 8911d0bb-8f9a-1dca-943e-9ca96cba7cd2' completed
TpTrace Information: 0 : 26052, 6, 2024/01/15, 14:27:57.519, 1151240656057, datacollector.dll, DataCollectionTestCaseEventHandler: Test case starting.
TpTrace Information: 0 : 26052, 6, 2024/01/15, 14:27:57.520, 1151240665814, datacollector.dll, BlameCollector.EventsTestCaseStart: Test Case Start
TpTrace Verbose: 0 : 26052, 6, 2024/01/15, 14:27:57.520, 1151240667613, datacollector.dll, MulticastDelegateUtilities.SafeInvoke: DataCollectionEvents.TestCaseStart: Invoking callback 1/1 for Microsoft.TestPlatform.Extensions.BlameDataCollector.BlameCollector., took 0 ms.
TpTrace Information: 0 : 26052, 6, 2024/01/15, 14:27:57.520, 1151240670498, datacollector.dll, DataCollectionTestCaseEventHandler: Test case 'ImplicitniLoginTest - 98d7a68c-064d-be51-f920-fee15722c99c' started.
TpTrace Information: 0 : 26052, 6, 2024/01/15, 14:28:08.377, 1151349243449, datacollector.dll, DataCollectionTestCaseEventHandler: Test case completing.
TpTrace Information: 0 : 26052, 6, 2024/01/15, 14:28:08.378, 1151349253004, datacollector.dll, BlameCollector.EventsTestCaseEnd: Test Case End
TpTrace Verbose: 0 : 26052, 6, 2024/01/15, 14:28:08.378, 1151349254430, datacollector.dll, MulticastDelegateUtilities.SafeInvoke: DataCollectionEvents.TestCaseEnd: Invoking callback 1/1 for Microsoft.TestPlatform.Extensions.BlameDataCollector.BlameCollector., took 0 ms.
TpTrace Information: 0 : 26052, 6, 2024/01/15, 14:28:08.379, 1151349257421, datacollector.dll, DataCollectionTestCaseEventHandler: Test case 'ImplicitniLoginTest - 98d7a68c-064d-be51-f920-fee15722c99c' completed
TpTrace Information: 0 : 26052, 6, 2024/01/15, 14:28:08.382, 1151349293100, datacollector.dll, DataCollectionTestCaseEventHandler: Test case starting.
TpTrace Information: 0 : 26052, 6, 2024/01/15, 14:28:08.384, 1151349312804, datacollector.dll, BlameCollector.EventsTestCaseStart: Test Case Start
TpTrace Verbose: 0 : 26052, 6, 2024/01/15, 14:28:08.384, 1151349315723, datacollector.dll, MulticastDelegateUtilities.SafeInvoke: DataCollectionEvents.TestCaseStart: Invoking callback 1/1 for Microsoft.TestPlatform.Extensions.BlameDataCollector.BlameCollector., took 0 ms.
TpTrace Information: 0 : 26052, 6, 2024/01/15, 14:28:08.385, 1151349319552, datacollector.dll, DataCollectionTestCaseEventHandler: Test case 'LokacijaTest - e83b7031-4d33-e926-7715-b1300e69bce2' started.
TpTrace Information: 0 : 26052, 6, 2024/01/15, 14:28:12.014, 1151385612521, datacollector.dll, DataCollectionTestCaseEventHandler: Test case completing.
TpTrace Information: 0 : 26052, 6, 2024/01/15, 14:28:12.015, 1151385619332, datacollector.dll, BlameCollector.EventsTestCaseEnd: Test Case End
TpTrace Verbose: 0 : 26052, 6, 2024/01/15, 14:28:12.015, 1151385620398, datacollector.dll, MulticastDelegateUtilities.SafeInvoke: DataCollectionEvents.TestCaseEnd: Invoking callback 1/1 for Microsoft.TestPlatform.Extensions.BlameDataCollector.BlameCollector., took 0 ms.
TpTrace Information: 0 : 26052, 6, 2024/01/15, 14:28:12.015, 1151385622483, datacollector.dll, DataCollectionTestCaseEventHandler: Test case 'LokacijaTest - e83b7031-4d33-e926-7715-b1300e69bce2' completed
TpTrace Information: 0 : 26052, 6, 2024/01/15, 14:28:12.017, 1151385635873, datacollector.dll, DataCollectionTestCaseEventHandler: Test case starting.
TpTrace Information: 0 : 26052, 6, 2024/01/15, 14:28:12.017, 1151385639964, datacollector.dll, BlameCollector.EventsTestCaseStart: Test Case Start
TpTrace Verbose: 0 : 26052, 6, 2024/01/15, 14:28:12.017, 1151385640686, datacollector.dll, MulticastDelegateUtilities.SafeInvoke: DataCollectionEvents.TestCaseStart: Invoking callback 1/1 for Microsoft.TestPlatform.Extensions.BlameDataCollector.BlameCollector., took 0 ms.
TpTrace Information: 0 : 26052, 6, 2024/01/15, 14:28:12.017, 1151385642312, datacollector.dll, DataCollectionTestCaseEventHandler: Test case 'NovostiTest - 25c1a098-d2c7-2a0c-d833-7161a61ddbdb' started.
TpTrace Information: 0 : 26052, 6, 2024/01/15, 14:28:15.334, 1151418808074, datacollector.dll, DataCollectionTestCaseEventHandler: Test case completing.
TpTrace Information: 0 : 26052, 6, 2024/01/15, 14:28:15.334, 1151418814013, datacollector.dll, BlameCollector.EventsTestCaseEnd: Test Case End
TpTrace Verbose: 0 : 26052, 6, 2024/01/15, 14:28:15.334, 1151418814977, datacollector.dll, MulticastDelegateUtilities.SafeInvoke: DataCollectionEvents.TestCaseEnd: Invoking callback 1/1 for Microsoft.TestPlatform.Extensions.BlameDataCollector.BlameCollector., took 0 ms.
TpTrace Information: 0 : 26052, 6, 2024/01/15, 14:28:15.335, 1151418819302, datacollector.dll, DataCollectionTestCaseEventHandler: Test case 'NovostiTest - 25c1a098-d2c7-2a0c-d833-7161a61ddbdb' completed
TpTrace Information: 0 : 26052, 6, 2024/01/15, 14:28:15.337, 1151418836940, datacollector.dll, DataCollectionTestCaseEventHandler: Test case starting.
TpTrace Information: 0 : 26052, 6, 2024/01/15, 14:28:15.337, 1151418841839, datacollector.dll, BlameCollector.EventsTestCaseStart: Test Case Start
TpTrace Verbose: 0 : 26052, 6, 2024/01/15, 14:28:15.337, 1151418842916, datacollector.dll, MulticastDelegateUtilities.SafeInvoke: DataCollectionEvents.TestCaseStart: Invoking callback 1/1 for Microsoft.TestPlatform.Extensions.BlameDataCollector.BlameCollector., took 0 ms.
TpTrace Information: 0 : 26052, 6, 2024/01/15, 14:28:15.337, 1151418845059, datacollector.dll, DataCollectionTestCaseEventHandler: Test case 'PregledDetaljiTest - 8eb2c4e2-fa2a-2dd6-e201-a26e3b9c1180' started.
TpTrace Information: 0 : 26052, 6, 2024/01/15, 14:28:24.176, 1151507225951, datacollector.dll, DataCollectionTestCaseEventHandler: Test case completing.
TpTrace Information: 0 : 26052, 6, 2024/01/15, 14:28:24.176, 1151507232329, datacollector.dll, BlameCollector.EventsTestCaseEnd: Test Case End
TpTrace Verbose: 0 : 26052, 6, 2024/01/15, 14:28:24.176, 1151507233528, datacollector.dll, MulticastDelegateUtilities.SafeInvoke: DataCollectionEvents.TestCaseEnd: Invoking callback 1/1 for Microsoft.TestPlatform.Extensions.BlameDataCollector.BlameCollector., took 0 ms.
TpTrace Information: 0 : 26052, 6, 2024/01/15, 14:28:24.177, 1151507236708, datacollector.dll, DataCollectionTestCaseEventHandler: Test case 'PregledDetaljiTest - 8eb2c4e2-fa2a-2dd6-e201-a26e3b9c1180' completed
TpTrace Information: 0 : 26052, 6, 2024/01/15, 14:28:24.178, 1151507253630, datacollector.dll, DataCollectionTestCaseEventHandler: Test case starting.
TpTrace Information: 0 : 26052, 6, 2024/01/15, 14:28:24.179, 1151507259560, datacollector.dll, BlameCollector.EventsTestCaseStart: Test Case Start
TpTrace Verbose: 0 : 26052, 6, 2024/01/15, 14:28:24.179, 1151507261516, datacollector.dll, MulticastDelegateUtilities.SafeInvoke: DataCollectionEvents.TestCaseStart: Invoking callback 1/1 for Microsoft.TestPlatform.Extensions.BlameDataCollector.BlameCollector., took 0 ms.
TpTrace Information: 0 : 26052, 6, 2024/01/15, 14:28:24.179, 1151507263740, datacollector.dll, DataCollectionTestCaseEventHandler: Test case 'ResetLozinkeTest - 3b8fe77a-a4f5-08cb-e9ba-760190676459' started.
