TpTrace Verbose: 0 : 16748, 1, 2024/01/14, 22:29:09.871, 50897568608, datacollector.dll, Version: 17.7.1-release-23418-01
TpTrace Information: 0 : 16748, 1, 2024/01/14, 22:29:09.879, 50897649168, datacollector.dll, DataCollectorMain.Run: Starting data collector run with args: --port,51405,--parentprocessid,18860,--diag,C:\Users\Abdel Adilovic\Desktop\VVS\VVS-Karmela\bin\Debug\net5.0\fine-code-coverage\coverage-tool-output\diagnostics.datacollector.24-01-14_22-29-09_66629_5.log,--tracelevel,4
TpTrace Information: 0 : 16748, 1, 2024/01/14, 22:29:09.879, 50897650833, datacollector.dll, DataCollector: Monitoring parent process with id: '18860'
TpTrace Information: 0 : 16748, 1, 2024/01/14, 22:29:09.885, 50897707405, datacollector.dll, Trying to connect to server on socket : 127.0.0.1:51405 
TpTrace Verbose: 0 : 16748, 1, 2024/01/14, 22:29:09.896, 50897822795, datacollector.dll, SocketCommunicationManager : SetupClientAsync : Attempting to connect to the server.
TpTrace Information: 0 : 16748, 6, 2024/01/14, 22:29:09.907, 50897926133, datacollector.dll, Connected to the server successfully 
TpTrace Information: 0 : 16748, 6, 2024/01/14, 22:29:09.907, 50897927497, datacollector.dll, Using the buffer size of 16384 bytes
TpTrace Information: 0 : 16748, 1, 2024/01/14, 22:29:10.037, 50899226432, datacollector.dll, DataCollector: Start Request Processing.
TpTrace Verbose: 0 : 16748, 1, 2024/01/14, 22:29:10.037, 50899229251, datacollector.dll, SocketCommunicationManager.WaitForServerConnection took: 0 ms, with 90000 ms timeout, and finished with True.
TpTrace Information: 0 : 16748, 1, 2024/01/14, 22:29:10.037, 50899233541, datacollector.dll, DataCollectionRequestHandler.ProcessRequests: Datacollector received message: (DataCollection.BeforeTestRunStart) -> {"MessageType":"DataCollection.BeforeTestRunStart","Payload":{"SettingsXml":"<RunSettings><RunConfiguration><ResultsDirectory>C:\\Users\\Abdel Adilovic\\Desktop\\VVS\\VVS-Karmela\\bin\\Debug\\net5.0\\fine-code-coverage\\coverage-tool-output</ResultsDirectory><TargetPlatform>X64</TargetPlatform><TargetFrameworkVersion>.NETCoreApp,Version=v5.0</TargetFrameworkVersion><DesignMode>False</DesignMode><CollectSourceInformation>False</CollectSourceInformation><TestAdaptersPaths>C:\\Program Files\\dotnet\\sdk\\7.0.402\\Extensions</TestAdaptersPaths></RunConfiguration><LoggerRunSettings><Loggers><Logger friendlyName=\"blame\" enabled=\"True\" /><Logger friendlyName=\"Console\" uri=\"logger://microsoft/TestPlatform/ConsoleLogger/v1\" assemblyQualifiedName=\"Microsoft.VisualStudio.TestPlatform.CommandLine.Internal.ConsoleLogger, vstest.console, Version=15.0.0.0, Culture=neutral, PublicKeyToken=b03f5f7f11d50a3a\" codeBase=\"C:\\Program Files\\dotnet\\sdk\\7.0.402\\vstest.console.dll\" enabled=\"True\" /></Loggers></LoggerRunSettings><DataCollectionRunSettings><DataCollectors><DataCollector friendlyName=\"blame\" enabled=\"True\"><Configuration><ResultsDirectory>C:\\Users\\Abdel Adilovic\\Desktop\\VVS\\VVS-Karmela\\bin\\Debug\\net5.0\\fine-code-coverage\\coverage-tool-output</ResultsDirectory></Configuration></DataCollector></DataCollectors></DataCollectionRunSettings></RunSettings>","Sources":["C:\\Users\\Abdel Adilovic\\Desktop\\VVS\\VVS-Karmela\\bin\\Debug\\net5.0\\fine-code-coverage\\build-output\\Karmela.dll"],"IsTelemetryOptedIn":false}}
TpTrace Verbose: 0 : 16748, 1, 2024/01/14, 22:29:10.098, 50899838298, datacollector.dll, TestPluginCache: Update extensions started. Skip filter = False
TpTrace Verbose: 0 : 16748, 1, 2024/01/14, 22:29:10.099, 50899850466, datacollector.dll, TestPluginCache: Using directories for assembly resolution 'C:\Program Files\dotnet\sdk\7.0.402\Extensions'.
TpTrace Verbose: 0 : 16748, 1, 2024/01/14, 22:29:10.099, 50899851650, datacollector.dll, TestPluginCache: Updated the available extensions to 'C:\Program Files\dotnet\sdk\7.0.402\Extensions\Microsoft.TestPlatform.Extensions.BlameDataCollector.dll,C:\Program Files\dotnet\sdk\7.0.402\Extensions\Microsoft.TestPlatform.Extensions.EventLogCollector.dll'.
TpTrace Verbose: 0 : 16748, 1, 2024/01/14, 22:29:10.108, 50899940544, datacollector.dll, TestPluginCache.DiscoverTestExtensions: finding test extensions in assemblies ends with: Collector.dll TPluginInfo: Microsoft.VisualStudio.TestPlatform.Common.DataCollector.DataCollectorConfig TExtension: Microsoft.VisualStudio.TestPlatform.ObjectModel.DataCollection.DataCollector
TpTrace Verbose: 0 : 16748, 1, 2024/01/14, 22:29:10.110, 50899958112, datacollector.dll, TestPluginCache.GetExtensionPaths: Filtered extension paths: C:\Program Files\dotnet\sdk\7.0.402\Extensions\Microsoft.TestPlatform.Extensions.BlameDataCollector.dll
C:\Program Files\dotnet\sdk\7.0.402\Extensions\Microsoft.TestPlatform.Extensions.EventLogCollector.dll
TpTrace Verbose: 0 : 16748, 1, 2024/01/14, 22:29:10.110, 50899959110, datacollector.dll, TestPluginCache.GetExtensionPaths: Added default extension paths: 
TpTrace Verbose: 0 : 16748, 1, 2024/01/14, 22:29:10.110, 50899959589, datacollector.dll, TestPluginCache.GetExtensionPaths: Added unfilterableExtensionPaths: 
TpTrace Information: 0 : 16748, 1, 2024/01/14, 22:29:10.111, 50899967211, datacollector.dll, AssemblyResolver.ctor: Creating AssemblyResolver with searchDirectories C:\Program Files\dotnet\sdk\7.0.402\Extensions,C:\Program Files\dotnet\sdk\7.0.402
TpTrace Verbose: 0 : 16748, 1, 2024/01/14, 22:29:10.112, 50899982776, datacollector.dll, TestPluginCache.DiscoverTestExtensions: Discovering the extensions using extension path.
TpTrace Verbose: 0 : 16748, 1, 2024/01/14, 22:29:10.113, 50899985491, datacollector.dll, TestPluginCache.GetExtensionPaths: Filtered extension paths: C:\Program Files\dotnet\sdk\7.0.402\Extensions\Microsoft.TestPlatform.Extensions.BlameDataCollector.dll
C:\Program Files\dotnet\sdk\7.0.402\Extensions\Microsoft.TestPlatform.Extensions.EventLogCollector.dll
TpTrace Verbose: 0 : 16748, 1, 2024/01/14, 22:29:10.113, 50899986437, datacollector.dll, TestPluginCache.GetExtensionPaths: Added default extension paths: 
TpTrace Verbose: 0 : 16748, 1, 2024/01/14, 22:29:10.113, 50899986902, datacollector.dll, TestPluginCache.GetExtensionPaths: Added unfilterableExtensionPaths: 
TpTrace Verbose: 0 : 16748, 1, 2024/01/14, 22:29:10.113, 50899987667, datacollector.dll, TestPluginCache.DiscoverTestExtensions: Discovering the extensions using allExtensionPaths: C:\Program Files\dotnet\sdk\7.0.402\Extensions\Microsoft.TestPlatform.Extensions.BlameDataCollector.dll
C:\Program Files\dotnet\sdk\7.0.402\Extensions\Microsoft.TestPlatform.Extensions.EventLogCollector.dll
TpTrace Information: 0 : 16748, 1, 2024/01/14, 22:29:10.113, 50899989685, datacollector.dll, AssemblyResolver.AddSearchDirectories: Adding more searchDirectories C:\Program Files\dotnet\sdk\7.0.402\Extensions,C:\Program Files\dotnet\sdk\7.0.402
TpTrace Information: 0 : 16748, 1, 2024/01/14, 22:29:10.113, 50899990747, datacollector.dll, AssemblyResolver.AddSearchDirectories: Adding more searchDirectories C:\Program Files\dotnet\sdk\7.0.402\Extensions,C:\Program Files\dotnet\sdk\7.0.402
TpTrace Information: 0 : 16748, 1, 2024/01/14, 22:29:10.114, 50899996767, datacollector.dll, AssemblyResolver.OnResolve: Microsoft.TestPlatform.Extensions.BlameDataCollector: Resolving assembly.
TpTrace Information: 0 : 16748, 1, 2024/01/14, 22:29:10.114, 50899998227, datacollector.dll, AssemblyResolver.OnResolve: Microsoft.TestPlatform.Extensions.BlameDataCollector: Searching in: 'C:\Program Files\dotnet\sdk\7.0.402\Extensions'.
TpTrace Information: 0 : 16748, 1, 2024/01/14, 22:29:10.127, 50900126031, datacollector.dll, AssemblyResolver.OnResolve: Microsoft.TestPlatform.Extensions.BlameDataCollector: Loading assembly 'C:\Program Files\dotnet\sdk\7.0.402\Extensions\Microsoft.TestPlatform.Extensions.BlameDataCollector.dll'.
TpTrace Information: 0 : 16748, 1, 2024/01/14, 22:29:10.127, 50900133570, datacollector.dll, AssemblyResolver.OnResolve: Resolved assembly: Microsoft.TestPlatform.Extensions.BlameDataCollector, from path: C:\Program Files\dotnet\sdk\7.0.402\Extensions\Microsoft.TestPlatform.Extensions.BlameDataCollector.dll
TpTrace Verbose: 0 : 16748, 1, 2024/01/14, 22:29:10.129, 50900152374, datacollector.dll, MetadataReaderExtensionsHelper: Discovering extensions inside assembly 'Microsoft.TestPlatform.Extensions.BlameDataCollector, Version=15.0.0.0, Culture=neutral, PublicKeyToken=b03f5f7f11d50a3a' file path 'C:\Program Files\dotnet\sdk\7.0.402\Extensions\Microsoft.TestPlatform.Extensions.BlameDataCollector.dll'
TpTrace Error: 0 : 16748, 1, 2024/01/14, 22:29:10.134, 50900203216, datacollector.dll, The type "Microsoft.TestPlatform.Extensions.BlameDataCollector.BlameCollector" defined in "Microsoft.TestPlatform.Extensions.BlameDataCollector.dll" does not have ExtensionUri attribute.
TpTrace Information: 0 : 16748, 1, 2024/01/14, 22:29:10.136, 50900218446, datacollector.dll, GetTestExtensionFromType: Register extension with identifier data 'datacollector://microsoft/TestPlatform/Extensions/Blame/v1' and type 'Microsoft.TestPlatform.Extensions.BlameDataCollector.BlameCollector, Microsoft.TestPlatform.Extensions.BlameDataCollector, Version=15.0.0.0, Culture=neutral, PublicKeyToken=b03f5f7f11d50a3a' inside file 'C:\Program Files\dotnet\sdk\7.0.402\Extensions\Microsoft.TestPlatform.Extensions.BlameDataCollector.dll'
TpTrace Information: 0 : 16748, 1, 2024/01/14, 22:29:10.136, 50900220076, datacollector.dll, AssemblyResolver.OnResolve: Microsoft.TestPlatform.Extensions.EventLogCollector: Resolving assembly.
TpTrace Information: 0 : 16748, 1, 2024/01/14, 22:29:10.136, 50900220981, datacollector.dll, AssemblyResolver.OnResolve: Microsoft.TestPlatform.Extensions.EventLogCollector: Searching in: 'C:\Program Files\dotnet\sdk\7.0.402\Extensions'.
TpTrace Information: 0 : 16748, 1, 2024/01/14, 22:29:10.137, 50900225898, datacollector.dll, AssemblyResolver.OnResolve: Microsoft.TestPlatform.Extensions.EventLogCollector: Loading assembly 'C:\Program Files\dotnet\sdk\7.0.402\Extensions\Microsoft.TestPlatform.Extensions.EventLogCollector.dll'.
TpTrace Information: 0 : 16748, 1, 2024/01/14, 22:29:10.137, 50900230989, datacollector.dll, AssemblyResolver.OnResolve: Resolved assembly: Microsoft.TestPlatform.Extensions.EventLogCollector, from path: C:\Program Files\dotnet\sdk\7.0.402\Extensions\Microsoft.TestPlatform.Extensions.EventLogCollector.dll
TpTrace Verbose: 0 : 16748, 1, 2024/01/14, 22:29:10.137, 50900232093, datacollector.dll, MetadataReaderExtensionsHelper: Discovering extensions inside assembly 'Microsoft.TestPlatform.Extensions.EventLogCollector, Version=15.0.0.0, Culture=neutral, PublicKeyToken=b03f5f7f11d50a3a' file path 'C:\Program Files\dotnet\sdk\7.0.402\Extensions\Microsoft.TestPlatform.Extensions.EventLogCollector.dll'
TpTrace Error: 0 : 16748, 1, 2024/01/14, 22:29:10.140, 50900255857, datacollector.dll, The type "Microsoft.TestPlatform.Extensions.EventLogCollector.EventLogDataCollector" defined in "Microsoft.TestPlatform.Extensions.EventLogCollector.dll" does not have ExtensionUri attribute.
TpTrace Information: 0 : 16748, 1, 2024/01/14, 22:29:10.140, 50900257902, datacollector.dll, GetTestExtensionFromType: Register extension with identifier data 'datacollector://microsoft/EventLog/2.0' and type 'Microsoft.TestPlatform.Extensions.EventLogCollector.EventLogDataCollector, Microsoft.TestPlatform.Extensions.EventLogCollector, Version=15.0.0.0, Culture=neutral, PublicKeyToken=b03f5f7f11d50a3a' inside file 'C:\Program Files\dotnet\sdk\7.0.402\Extensions\Microsoft.TestPlatform.Extensions.EventLogCollector.dll'
TpTrace Verbose: 0 : 16748, 1, 2024/01/14, 22:29:10.140, 50900261439, datacollector.dll, TestPluginCache: Discovered the extensions using extension path 'C:\Program Files\dotnet\sdk\7.0.402\Extensions\Microsoft.TestPlatform.Extensions.BlameDataCollector.dll,C:\Program Files\dotnet\sdk\7.0.402\Extensions\Microsoft.TestPlatform.Extensions.EventLogCollector.dll'.
TpTrace Verbose: 0 : 16748, 1, 2024/01/14, 22:29:10.140, 50900262097, datacollector.dll, TestPluginCache: Discoverers are ''.
TpTrace Verbose: 0 : 16748, 1, 2024/01/14, 22:29:10.141, 50900264437, datacollector.dll, TestPluginCache: Executors are ''.
TpTrace Verbose: 0 : 16748, 1, 2024/01/14, 22:29:10.141, 50900266709, datacollector.dll, TestPluginCache: Executors2 are ''.
TpTrace Verbose: 0 : 16748, 1, 2024/01/14, 22:29:10.141, 50900267654, datacollector.dll, TestPluginCache: Setting providers are ''.
TpTrace Verbose: 0 : 16748, 1, 2024/01/14, 22:29:10.141, 50900268316, datacollector.dll, TestPluginCache: Loggers are ''.
TpTrace Verbose: 0 : 16748, 1, 2024/01/14, 22:29:10.141, 50900270052, datacollector.dll, TestPluginCache: TestHosts are ''.
TpTrace Verbose: 0 : 16748, 1, 2024/01/14, 22:29:10.142, 50900276400, datacollector.dll, TestPluginCache: DataCollectors are 'datacollector://microsoft/TestPlatform/Extensions/Blame/v1,datacollector://microsoft/EventLog/2.0'.
TpTrace Information: 0 : 16748, 1, 2024/01/14, 22:29:10.146, 50900316822, datacollector.dll, TestPluginManager.CreateTestExtension: Attempting to load test extension: Microsoft.TestPlatform.Extensions.BlameDataCollector.BlameCollector
TpTrace Information: 0 : 16748, 1, 2024/01/14, 22:29:10.152, 50900382702, datacollector.dll, [MonitorPostmortemDump]Monitor enabled: 'False'
TpTrace Verbose: 0 : 16748, 1, 2024/01/14, 22:29:10.155, 50900404720, datacollector.dll, MulticastDelegateUtilities.SafeInvoke: DataCollectionEvents.SessionStart: Invoking callbacks was skipped because there are no subscribers.
TpTrace Information: 0 : 16748, 1, 2024/01/14, 22:29:10.155, 50900411722, datacollector.dll, Listening on Endpoint : 127.0.0.1:51407
TpTrace Information: 0 : 16748, 1, 2024/01/14, 22:29:10.173, 50900588317, datacollector.dll, DataCollectionRequestHandler.ProcessRequests : DataCollection started.
TpTrace Information: 0 : 16748, 1, 2024/01/14, 22:29:10.192, 50900775774, datacollector.dll, DataCollectionRequestHandler.ProcessRequests: Datacollector received message: (DataCollection.TestHostLaunched) -> {"MessageType":"DataCollection.TestHostLaunched","Payload":{"ProcessId":19164}}
TpTrace Verbose: 0 : 16748, 1, 2024/01/14, 22:29:10.195, 50900810320, datacollector.dll, MulticastDelegateUtilities.SafeInvoke: DataCollectionEvents.TestHostLaunched: Invoking callback 1/1 for Microsoft.TestPlatform.Extensions.BlameDataCollector.BlameCollector., took 0 ms.
TpTrace Verbose: 0 : 16748, 6, 2024/01/14, 22:29:10.580, 50904656224, datacollector.dll, SocketCommunicationManager.WaitForClientConnection took: 418 ms, with 90000 ms timeout, and finished with True.
TpTrace Information: 0 : 16748, 8, 2024/01/14, 22:29:10.580, 50904658741, datacollector.dll, Using the buffer size of 16384 bytes
TpTrace Information: 0 : 16748, 8, 2024/01/14, 22:29:10.580, 50904660097, datacollector.dll, Accepted Client request and set the flag
TpTrace Information: 0 : 16748, 6, 2024/01/14, 22:29:11.452, 50913378326, datacollector.dll, DataCollectionTestCaseEventHandler: Test case starting.
TpTrace Information: 0 : 16748, 6, 2024/01/14, 22:29:11.482, 50913681162, datacollector.dll, BlameCollector.EventsTestCaseStart: Test Case Start
TpTrace Verbose: 0 : 16748, 6, 2024/01/14, 22:29:11.483, 50913685294, datacollector.dll, MulticastDelegateUtilities.SafeInvoke: DataCollectionEvents.TestCaseStart: Invoking callback 1/1 for Microsoft.TestPlatform.Extensions.BlameDataCollector.BlameCollector., took 0 ms.
TpTrace Information: 0 : 16748, 6, 2024/01/14, 22:29:11.483, 50913689612, datacollector.dll, DataCollectionTestCaseEventHandler: Test case 'LokacijaTest - e83b7031-4d33-e926-7715-b1300e69bce2' started.
TpTrace Information: 0 : 16748, 6, 2024/01/14, 22:29:24.875, 51047613313, datacollector.dll, DataCollectionTestCaseEventHandler: Test case completing.
TpTrace Information: 0 : 16748, 6, 2024/01/14, 22:29:24.884, 51047695130, datacollector.dll, BlameCollector.EventsTestCaseEnd: Test Case End
TpTrace Verbose: 0 : 16748, 6, 2024/01/14, 22:29:24.884, 51047700096, datacollector.dll, MulticastDelegateUtilities.SafeInvoke: DataCollectionEvents.TestCaseEnd: Invoking callback 1/1 for Microsoft.TestPlatform.Extensions.BlameDataCollector.BlameCollector., took 0 ms.
TpTrace Information: 0 : 16748, 6, 2024/01/14, 22:29:24.889, 51047751579, datacollector.dll, DataCollectionTestCaseEventHandler: Test case 'LokacijaTest - e83b7031-4d33-e926-7715-b1300e69bce2' completed
TpTrace Information: 0 : 16748, 6, 2024/01/14, 22:29:24.931, 51048170572, datacollector.dll, DataCollectionTestCaseEventHandler: Test case starting.
TpTrace Information: 0 : 16748, 6, 2024/01/14, 22:29:24.932, 51048181479, datacollector.dll, BlameCollector.EventsTestCaseStart: Test Case Start
TpTrace Verbose: 0 : 16748, 6, 2024/01/14, 22:29:24.932, 51048183093, datacollector.dll, MulticastDelegateUtilities.SafeInvoke: DataCollectionEvents.TestCaseStart: Invoking callback 1/1 for Microsoft.TestPlatform.Extensions.BlameDataCollector.BlameCollector., took 0 ms.
TpTrace Information: 0 : 16748, 6, 2024/01/14, 22:29:24.933, 51048187397, datacollector.dll, DataCollectionTestCaseEventHandler: Test case 'NovostiTest - 25c1a098-d2c7-2a0c-d833-7161a61ddbdb' started.
TpTrace Information: 0 : 16748, 6, 2024/01/14, 22:29:35.328, 51152142630, datacollector.dll, DataCollectionTestCaseEventHandler: Test case completing.
TpTrace Information: 0 : 16748, 6, 2024/01/14, 22:29:35.329, 51152152742, datacollector.dll, BlameCollector.EventsTestCaseEnd: Test Case End
TpTrace Verbose: 0 : 16748, 6, 2024/01/14, 22:29:35.330, 51152153924, datacollector.dll, MulticastDelegateUtilities.SafeInvoke: DataCollectionEvents.TestCaseEnd: Invoking callback 1/1 for Microsoft.TestPlatform.Extensions.BlameDataCollector.BlameCollector., took 0 ms.
TpTrace Information: 0 : 16748, 6, 2024/01/14, 22:29:35.330, 51152157318, datacollector.dll, DataCollectionTestCaseEventHandler: Test case 'NovostiTest - 25c1a098-d2c7-2a0c-d833-7161a61ddbdb' completed
TpTrace Information: 0 : 16748, 6, 2024/01/14, 22:29:35.332, 51152180286, datacollector.dll, DataCollectionTestCaseEventHandler: Test case starting.
TpTrace Information: 0 : 16748, 6, 2024/01/14, 22:29:35.333, 51152185952, datacollector.dll, BlameCollector.EventsTestCaseStart: Test Case Start
TpTrace Verbose: 0 : 16748, 6, 2024/01/14, 22:29:35.333, 51152187079, datacollector.dll, MulticastDelegateUtilities.SafeInvoke: DataCollectionEvents.TestCaseStart: Invoking callback 1/1 for Microsoft.TestPlatform.Extensions.BlameDataCollector.BlameCollector., took 0 ms.
TpTrace Information: 0 : 16748, 6, 2024/01/14, 22:29:35.333, 51152189136, datacollector.dll, DataCollectionTestCaseEventHandler: Test case 'PregledDetaljiTest - 8eb2c4e2-fa2a-2dd6-e201-a26e3b9c1180' started.
TpTrace Information: 0 : 16748, 6, 2024/01/14, 22:29:56.073, 51359593115, datacollector.dll, DataCollectionTestCaseEventHandler: Test case completing.
TpTrace Information: 0 : 16748, 6, 2024/01/14, 22:29:56.074, 51359601550, datacollector.dll, BlameCollector.EventsTestCaseEnd: Test Case End
TpTrace Verbose: 0 : 16748, 6, 2024/01/14, 22:29:56.074, 51359602676, datacollector.dll, MulticastDelegateUtilities.SafeInvoke: DataCollectionEvents.TestCaseEnd: Invoking callback 1/1 for Microsoft.TestPlatform.Extensions.BlameDataCollector.BlameCollector., took 0 ms.
TpTrace Information: 0 : 16748, 6, 2024/01/14, 22:29:56.075, 51359604561, datacollector.dll, DataCollectionTestCaseEventHandler: Test case 'PregledDetaljiTest - 8eb2c4e2-fa2a-2dd6-e201-a26e3b9c1180' completed
TpTrace Information: 0 : 16748, 6, 2024/01/14, 22:29:56.076, 51359621029, datacollector.dll, DataCollectionTestCaseEventHandler: Test case starting.
TpTrace Information: 0 : 16748, 6, 2024/01/14, 22:29:56.077, 51359626441, datacollector.dll, BlameCollector.EventsTestCaseStart: Test Case Start
TpTrace Verbose: 0 : 16748, 6, 2024/01/14, 22:29:56.077, 51359627855, datacollector.dll, MulticastDelegateUtilities.SafeInvoke: DataCollectionEvents.TestCaseStart: Invoking callback 1/1 for Microsoft.TestPlatform.Extensions.BlameDataCollector.BlameCollector., took 0 ms.
TpTrace Information: 0 : 16748, 6, 2024/01/14, 22:29:56.077, 51359630156, datacollector.dll, DataCollectionTestCaseEventHandler: Test case 'SoriranjeTest - 4cd2dfe2-1d7b-75e2-ea44-ac08bde1fe52' started.
TpTrace Information: 0 : 16748, 6, 2024/01/14, 22:30:01.358, 51412438606, datacollector.dll, DataCollectionTestCaseEventHandler: Test case completing.
TpTrace Information: 0 : 16748, 6, 2024/01/14, 22:30:01.358, 51412442207, datacollector.dll, BlameCollector.EventsTestCaseEnd: Test Case End
TpTrace Verbose: 0 : 16748, 6, 2024/01/14, 22:30:01.358, 51412442748, datacollector.dll, MulticastDelegateUtilities.SafeInvoke: DataCollectionEvents.TestCaseEnd: Invoking callback 1/1 for Microsoft.TestPlatform.Extensions.BlameDataCollector.BlameCollector., took 0 ms.
TpTrace Information: 0 : 16748, 6, 2024/01/14, 22:30:01.359, 51412443887, datacollector.dll, DataCollectionTestCaseEventHandler: Test case 'SoriranjeTest - 4cd2dfe2-1d7b-75e2-ea44-ac08bde1fe52' completed
TpTrace Information: 0 : 16748, 6, 2024/01/14, 22:30:01.375, 51412610921, datacollector.dll, DataCollectionTestCaseEventHandler: Test session ended
TpTrace Information: 0 : 16748, 1, 2024/01/14, 22:30:01.422, 51413079791, datacollector.dll, DataCollectionRequestHandler.ProcessRequests: Datacollector received message: (DataCollection.AfterTestRunEnd) -> {"MessageType":"DataCollection.AfterTestRunEnd","Payload":false}
TpTrace Information: 0 : 16748, 1, 2024/01/14, 22:30:01.424, 51413095175, datacollector.dll, Blame Collector: Session End
TpTrace Information: 0 : 16748, 1, 2024/01/14, 22:30:01.424, 51413095941, datacollector.dll, BlameCollector.CollectDumpAndAbortTesthost: Custom path to dump directory was provided via VSTEST_DUMP_PATH. Skipping attachment upload, the caller is responsible for collecting and uploading the dumps themselves.
TpTrace Verbose: 0 : 16748, 1, 2024/01/14, 22:30:01.424, 51413096942, datacollector.dll, MulticastDelegateUtilities.SafeInvoke: DataCollectionEvents.SessionEnd: Invoking callback 1/1 for Microsoft.TestPlatform.Extensions.BlameDataCollector.BlameCollector., took 0 ms.
TpTrace Information: 0 : 16748, 1, 2024/01/14, 22:30:01.425, 51413108169, datacollector.dll, DataCollectionManager.CleanupPlugins: CleanupPlugins called
TpTrace Verbose: 0 : 16748, 1, 2024/01/14, 22:30:01.425, 51413108654, datacollector.dll, DataCollectionManager.CleanupPlugins: Cleaning up 1 plugins
TpTrace Verbose: 0 : 16748, 1, 2024/01/14, 22:30:01.425, 51413112403, datacollector.dll, dataCollectorInfo.DisposeDataCollector: calling Dispose() on Microsoft.TestPlatform.Extensions.BlameDataCollector.BlameCollector
TpTrace Information: 0 : 16748, 1, 2024/01/14, 22:30:01.425, 51413113136, datacollector.dll, DataCollectionManager.CleanupPlugins: CleanupPlugins finished
TpTrace Information: 0 : 16748, 1, 2024/01/14, 22:30:01.431, 51413172442, datacollector.dll, DataCollectionRequestHandler.ProcessRequests : Session End message received from server. Closing the connection.
TpTrace Information: 0 : 16748, 1, 2024/01/14, 22:30:01.432, 51413177044, datacollector.dll, Closing the connection !
TpTrace Information: 0 : 16748, 1, 2024/01/14, 22:30:01.432, 51413177718, datacollector.dll, DataCollectionRequestHandler.ProcessRequests : DataCollection completed
TpTrace Information: 0 : 16748, 1, 2024/01/14, 22:30:01.432, 51413178253, datacollector.dll, Program.Main: exiting datacollector process.
